<?xml version="1.0" encoding="UTF-8"?>
<!-- Generated by org.testng.reporters.JUnitXMLReporter -->
<testsuite hostname="InnovationM-117" ignored="2" name="Banking app Test" tests="2" failures="1" timestamp="2021-03-25T12:46:50 IST" time="24.435" errors="0">
  <testcase name="logintest" time="5.933" classname="com.inetBanking.testCases.TC_LoginTest_001"/>
  <testcase name="addNewCustomer" time="6.894" classname="com.inetBanking.testCases.TC_AddCustomerTest_002">
    <failure type="java.lang.AssertionError" message="expected [true] but found [false]">
      <![CDATA[java.lang.AssertionError: expected [true] but found [false]
at com.inetBanking.testCases.TC_AddCustomerTest_002.addNewCustomer(TC_AddCustomerTest_002.java:104)
at java.util.ArrayList.forEach(Unknown Source)
... Removed 31 stack frames]]>
    </failure>
  </testcase> <!-- addNewCustomer -->
  <testcase name="@BeforeTest setup" time="0.0" classname="com.inetBanking.testCases.BaseClass">
    <ignored/>
  </testcase> <!-- @BeforeTest setup -->
  <testcase name="@AfterTest teardown" time="0.0" classname="com.inetBanking.testCases.BaseClass">
    <ignored/>
  </testcase> <!-- @AfterTest teardown -->
</testsuite> <!-- Banking app Test -->
